This is pdfTeX, Version 3.14159265-2.6-1.40.17 (TeX Live 2016) (preloaded format=latex 2016.12.7)  4 JUL 2018 01:57
entering extended mode
 restricted \write18 enabled.
 %&-line parsing enabled.
**einfuehrung.tex
(./einfuehrung.tex
LaTeX2e <2016/03/31>
Babel <3.9r> and hyphenation patterns for 83 language(s) loaded.
! Undefined control sequence.
l.1 \section
            {Vorwort}
? x
 
Here is how much of TeX's memory you used:
 5 strings out of 493015
 143 string characters out of 6133377
 53598 words of memory out of 5000000
 3648 multiletter control sequences out of 15000+600000
 3640 words of font info for 14 fonts, out of 8000000 for 9000
 1141 hyphenation exceptions out of 8191
 5i,0n,1p,37b,8s stack positions out of 5000i,500n,10000p,200000b,80000s
No pages of output.
